<?xml version="1.0" encoding="UTF-8"?>
<testsuite xmlns:xsi="http://www.w3.org/2001/XMLSchema-instance" xsi:noNamespaceSchemaLocation="https://maven.apache.org/surefire/maven-surefire-plugin/xsd/surefire-test-report.xsd" version="3.0.1" name="minesweeper.runner.CucumberRunnerTest" time="0.932" tests="6" errors="0" skipped="0" failures="0">
  <properties>
[...]
</properties>
  <testcase name="Board size selection - Easy/Small mode" classname="Board size selection" time="0.339">
    <system-out><![CDATA[
Scenario: Easy/Small mode                    &amp#27;[90m# features/board_size_selection.feature:5&amp#27;[0m
  &amp#27;[32mGiven &amp#27;[0m&amp#27;[32mthe menu is presented&amp#27;[0m                &amp#27;[90m# minesweeper.stepdefinitions.BoardSizeSteps.theMenuIsPresented()&amp#27;[0m
  &amp#27;[32mWhen &amp#27;[0m&amp#27;[32mI select the small board&amp#27;[0m              &amp#27;[90m# minesweeper.stepdefinitions.BoardSizeSteps.iSelectTheSmallBoard()&amp#27;[0m
  &amp#27;[32mThen &amp#27;[0m&amp#27;[32mthe board should be &amp#27;[0m&amp#27;[32m&amp#27;[1m9&amp#27;[0m&amp#27;[32mx&amp#27;[0m&amp#27;[32m&amp#27;[1m9&amp#27;[0m&amp#27;[32m with &amp#27;[0m&amp#27;[32m&amp#27;[1m10&amp#27;[0m&amp#27;[32m mines&amp#27;[0m &amp#27;[90m# minesweeper.stepdefinitions.BoardSizeSteps.theBoardShouldBe(int,int,int)&amp#27;[0m
]]></system-out>
  </testcase>
  <testcase name="Board size selection - Medium mode" classname="Board size selection" time="0.049">
    <system-out><![CDATA[
Scenario: Medium mode                          &amp#27;[90m# features/board_size_selection.feature:10&amp#27;[0m
  &amp#27;[32mGiven &amp#27;[0m&amp#27;[32mthe menu is presented&amp#27;[0m                  &amp#27;[90m# minesweeper.stepdefinitions.BoardSizeSteps.theMenuIsPresented()&amp#27;[0m
  &amp#27;[32mWhen &amp#27;[0m&amp#27;[32mI select the medium board&amp#27;[0m               &amp#27;[90m# minesweeper.stepdefinitions.BoardSizeSteps.iSelectTheMediumBoard()&amp#27;[0m
  &amp#27;[32mThen &amp#27;[0m&amp#27;[32mthe board should be &amp#27;[0m&amp#27;[32m&amp#27;[1m16&amp#27;[0m&amp#27;[32mx&amp#27;[0m&amp#27;[32m&amp#27;[1m16&amp#27;[0m&amp#27;[32m with &amp#27;[0m&amp#27;[32m&amp#27;[1m40&amp#27;[0m&amp#27;[32m mines&amp#27;[0m &amp#27;[90m# minesweeper.stepdefinitions.BoardSizeSteps.theBoardShouldBe(int,int,int)&amp#27;[0m
]]></system-out>
  </testcase>
  <testcase name="Board size selection - Hard/Large mode" classname="Board size selection" time="0.028">
    <system-out><![CDATA[
Scenario: Hard/Large mode                      &amp#27;[90m# features/board_size_selection.feature:15&amp#27;[0m
  &amp#27;[32mGiven &amp#27;[0m&amp#27;[32mthe menu is presented&amp#27;[0m                  &amp#27;[90m# minesweeper.stepdefinitions.BoardSizeSteps.theMenuIsPresented()&amp#27;[0m
  &amp#27;[32mWhen &amp#27;[0m&amp#27;[32mI select the large board&amp#27;[0m                &amp#27;[90m# minesweeper.stepdefinitions.BoardSizeSteps.iSelectTheLargeBoard()&amp#27;[0m
  &amp#27;[32mThen &amp#27;[0m&amp#27;[32mthe board should be &amp#27;[0m&amp#27;[32m&amp#27;[1m30&amp#27;[0m&amp#27;[32mx&amp#27;[0m&amp#27;[32m&amp#27;[1m16&amp#27;[0m&amp#27;[32m with &amp#27;[0m&amp#27;[32m&amp#27;[1m99&amp#27;[0m&amp#27;[32m mines&amp#27;[0m &amp#27;[90m# minesweeper.stepdefinitions.BoardSizeSteps.theBoardShouldBe(int,int,int)&amp#27;[0m
]]></system-out>
  </testcase>
  <testcase name="Help page toggle - Help page lists the navigation control" classname="Help page toggle" time="0.029">
    <system-out><![CDATA[
Scenario: Help page lists the navigation control                     &amp#27;[90m# features/help_page.feature:5&amp#27;[0m
  &amp#27;[32mGiven &amp#27;[0m&amp#27;[32mI am in an active game&amp#27;[0m                                       &amp#27;[90m# minesweeper.stepdefinitions.HelpPageSteps.iAmInAnActiveGame()&amp#27;[0m
  &amp#27;[32mWhen &amp#27;[0m&amp#27;[32mI open the help page&amp#27;[0m                                          &amp#27;[90m# minesweeper.stepdefinitions.HelpPageSteps.iOpenTheHelpPage()&amp#27;[0m
  &amp#27;[32mThen &amp#27;[0m&amp#27;[32mthe help page should contain &amp#27;[0m&amp#27;[32m&amp#27;[1m"Arrow Keys"&amp#27;[0m&amp#27;[32m as a listed control&amp#27;[0m &amp#27;[90m# minesweeper.stepdefinitions.HelpPageSteps.theHelpPageShouldContainAsAListedControl(java.lang.String)&amp#27;[0m
]]></system-out>
  </testcase>
  <testcase name="Help page toggle - Help page lists the flag placement control" classname="Help page toggle" time="0.014">
    <system-out><![CDATA[
Scenario: Help page lists the flag placement control            &amp#27;[90m# features/help_page.feature:10&amp#27;[0m
  &amp#27;[32mGiven &amp#27;[0m&amp#27;[32mI am in an active game&amp#27;[0m                                  &amp#27;[90m# minesweeper.stepdefinitions.HelpPageSteps.iAmInAnActiveGame()&amp#27;[0m
  &amp#27;[32mWhen &amp#27;[0m&amp#27;[32mI open the help page&amp#27;[0m                                     &amp#27;[90m# minesweeper.stepdefinitions.HelpPageSteps.iOpenTheHelpPage()&amp#27;[0m
  &amp#27;[32mThen &amp#27;[0m&amp#27;[32mthe help page should contain &amp#27;[0m&amp#27;[32m&amp#27;[1m"SPACE"&amp#27;[0m&amp#27;[32m as a listed control&amp#27;[0m &amp#27;[90m# minesweeper.stepdefinitions.HelpPageSteps.theHelpPageShouldContainAsAListedControl(java.lang.String)&amp#27;[0m
]]></system-out>
  </testcase>
  <testcase name="Help page toggle - Help page lists the quit control" classname="Help page toggle" time="0.023">
    <system-out><![CDATA[
Scenario: Help page lists the quit control                       &amp#27;[90m# features/help_page.feature:15&amp#27;[0m
  &amp#27;[32mGiven &amp#27;[0m&amp#27;[32mI am in an active game&amp#27;[0m                                   &amp#27;[90m# minesweeper.stepdefinitions.HelpPageSteps.iAmInAnActiveGame()&amp#27;[0m
  &amp#27;[32mWhen &amp#27;[0m&amp#27;[32mI open the help page&amp#27;[0m                                      &amp#27;[90m# minesweeper.stepdefinitions.HelpPageSteps.iOpenTheHelpPage()&amp#27;[0m
  &amp#27;[32mThen &amp#27;[0m&amp#27;[32mthe help page should contain &amp#27;[0m&amp#27;[32m&amp#27;[1m"q or Q"&amp#27;[0m&amp#27;[32m as a listed control&amp#27;[0m &amp#27;[90m# minesweeper.stepdefinitions.HelpPageSteps.theHelpPageShouldContainAsAListedControl(java.lang.String)&amp#27;[0m
]]></system-out>
  </testcase>
</testsuite>